<?xml version="1.0" encoding="UTF-8"?>
<testng-results skipped="0" failed="0" ignored="0" total="2" passed="2">
  <reporter-output>
  </reporter-output>
  <suite name="Default suite" duration-ms="15127" started-at="2022-04-03T07:06:58 MSK" finished-at="2022-04-03T07:07:13 MSK">
    <groups>
    </groups>
    <test name="Default test" duration-ms="15127" started-at="2022-04-03T07:06:58 MSK" finished-at="2022-04-03T07:07:13 MSK">
      <class name="Grid4TestNG">
        <test-method status="PASS" signature="setUp()[pri:0, instance:Grid4TestNG@7f416310]" name="setUp" is-config="true" duration-ms="11" started-at="2022-04-03T07:06:58 MSK" finished-at="2022-04-03T07:06:58 MSK">
          <reporter-output>
          </reporter-output>
        </test-method> <!-- setUp -->
        <test-method status="PASS" signature="test1()[pri:0, instance:Grid4TestNG@7f416310]" name="test1" duration-ms="10287" started-at="2022-04-03T07:06:58 MSK" finished-at="2022-04-03T07:07:08 MSK">
          <reporter-output>
          </reporter-output>
        </test-method> <!-- test1 -->
        <test-method status="PASS" signature="test2()[pri:0, instance:Grid4TestNG@7f416310]" name="test2" duration-ms="4778" started-at="2022-04-03T07:07:08 MSK" finished-at="2022-04-03T07:07:13 MSK">
          <reporter-output>
          </reporter-output>
        </test-method> <!-- test2 -->
      </class> <!-- Grid4TestNG -->
    </test> <!-- Default test -->
  </suite> <!-- Default suite -->
</testng-results>
